<?xml version="1.0" encoding="UTF-8"?>
<!-- Generated by org.testng.reporters.JUnitReportReporter -->
<testsuite skipped="0" hostname="LAPTOP-OI9FLFD4" name="ndtvUI.NDTVWeatherPage" tests="1" failures="0" timestamp="2020-07-20T01:50:39 IST" time="19.273" errors="0">
  <testcase name="cityWeather" time="19.273" classname="ndtvUI.NDTVWeatherPage"/>
</testsuite> <!-- ndtvUI.NDTVWeatherPage -->
